
________________________________________________________________________________________________________________________
THREE ADDRESS CODE (TAC): 
________________________________________________________________________________________________________________________

0: max: 
1:     if x > y goto 4
2:     goto 6
3:     goto 7
4:     ans = x
5:     goto 7
6:     ans = y
7:     t2 = 0
8:     if ans < t2 goto 11
9:     goto 14
10:     goto 14
11:     t3 = -ans
12:     ans = t3
13:     goto 14
14:     return ans

15: min: 
16:     if x > y goto 19
17:     goto 20
18:     goto 24
19:     goto 22
20:     t0 = x
21:     goto 24
22:     t0 = y
23:     goto 24
24:     ans = t0
25:     param x
26:     param y
27:     t2 = call max, 2
28:     return ans

29: cal: 
30:     param a
31:     param b
32:     t0 = call min, 2
33:     i = t0
34:     param a
35:     param b
36:     t2 = call max, 2
37:     j = t2
38:     t4 = j - i
39:     d = t4
40:     return d

41: main: 
42:     t0 = 10
43:     a = t0
44:     t2 = 5
45:     b = t2
46:     param a
47:     param b
48:     t4 = call cal, 2
49:     d = t4
50:     t6 = 0
51:     return t6
__________________________________________________________________________________________________________________________________
__________________________________________________________________________________________________________________________________
Table Name: Global                                                Parent Name: NULL
__________________________________________________________________________________________________________________________________
Name                                    Type                Initial Value       Size           Offset         Nested
                                                                                                    
max                                     int                 -                   4              0              max
min                                     int                 -                   4              4              min
a                                       int                 -                   4              8              NULL
cal                                     int                 -                   4              12             cal
main                                    int                 -                   4              16             main
----------------------------------------------------------------------------------------------------------------------------------

__________________________________________________________________________________________________________________________________
Table Name: max                                                   Parent Name: Global
__________________________________________________________________________________________________________________________________
Name                                    Type                Initial Value       Size           Offset         Nested
                                                                                                    
x                                       int                 -                   4              0              NULL
y                                       int                 -                   4              4              NULL
return                                  int                 -                   4              8              NULL
ans                                     int                 -                   4              12             NULL
t0                                      int                                     4              16             NULL
t1                                      int                                     4              20             NULL
t2                                      int                 0                   4              24             NULL
t3                                      int                                     4              28             NULL
t4                                      int                                     4              32             NULL
----------------------------------------------------------------------------------------------------------------------------------

__________________________________________________________________________________________________________________________________
Table Name: min                                                   Parent Name: Global
__________________________________________________________________________________________________________________________________
Name                                    Type                Initial Value       Size           Offset         Nested
                                                                                                    
x                                       int                 -                   4              0              NULL
y                                       int                 -                   4              4              NULL
return                                  int                 -                   4              8              NULL
ans                                     int                 -                   4              12             NULL
t0                                      int                                     4              16             NULL
t1                                      int                                     4              20             NULL
t2                                      int                                     4              24             NULL
----------------------------------------------------------------------------------------------------------------------------------

__________________________________________________________________________________________________________________________________
Table Name: cal                                                   Parent Name: Global
__________________________________________________________________________________________________________________________________
Name                                    Type                Initial Value       Size           Offset         Nested
                                                                                                    
a                                       int                 -                   4              0              NULL
b                                       int                 -                   4              4              NULL
return                                  int                 -                   4              8              NULL
i                                       int                 -                   4              12             NULL
j                                       int                 -                   4              16             NULL
d                                       int                 -                   4              20             NULL
t0                                      int                                     4              24             NULL
t1                                      int                                     4              28             NULL
t2                                      int                                     4              32             NULL
t3                                      int                                     4              36             NULL
t4                                      int                                     4              40             NULL
t5                                      int                                     4              44             NULL
----------------------------------------------------------------------------------------------------------------------------------

__________________________________________________________________________________________________________________________________
Table Name: main                                                  Parent Name: Global
__________________________________________________________________________________________________________________________________
Name                                    Type                Initial Value       Size           Offset         Nested
                                                                                                    
return                                  int                 -                   4              0              NULL
b                                       int                 -                   4              4              NULL
d                                       int                 -                   4              8              NULL
t0                                      int                 10                  4              12             NULL
t1                                      int                                     4              16             NULL
t2                                      int                 5                   4              20             NULL
t3                                      int                                     4              24             NULL
t4                                      int                                     4              28             NULL
t5                                      int                                     4              32             NULL
t6                                      int                 0                   4              36             NULL
----------------------------------------------------------------------------------------------------------------------------------

