
________________________________________________________________________________________________________________________
THREE ADDRESS CODE (TAC): 
________________________________________________________________________________________________________________________
0:     t0 = 0
1:     l = t0

2: main: 
3:     t0 = 0
4:     sum = t0
5:     t1 = 'x'
6:     x = t1
7:     t2 = 5
8:     t3 = 5
9:     t4 = 5
10:     t5 = 10
11:     n = t5
12:     t7 = 100
13:     j = t7
14:     t9 = 0
15:     i = t9

16: main.WHILE$0: 
17:     t0 = 10
18:     if i < t0 goto 20
19:     goto 27
20:     t1 = i
21:     i = i + 1
22:     j = j + 1
23:     t2 = i * 4
24:     t3 = i * j
25:     p[t2] = t3
26:     goto 17
27:     t11 = i * 4
28:     t12 = p[t11]
29:     t13 = sum + t12
30:     sum = t13
31:     if i < n goto 27
32:     goto 33

33: main.FOR$1: 
34:     t0 = 0
35:     i = t0
36:     if i < n goto 41
37:     goto 57
38:     t2 = i
39:     i = i + 1
40:     goto 36

41: main.FOR$1.FOR$2: 
42:     t0 = 0
43:     j = t0
44:     if j < n goto 49
45:     goto 38
46:     t2 = j
47:     j = j + 1
48:     goto 44
49:     t3 = i * 20
50:     t5 = j * 4
51:     t4 = t3 + t5
52:     t6 = i * j
53:     t7 = sum + t6
54:     dp[t4] = t7
55:     goto 46
56:     goto 38
57:     t15 = 0
58:     return t15
__________________________________________________________________________________________________________________________________
__________________________________________________________________________________________________________________________________
Table Name: Global                                                Parent Name: NULL
__________________________________________________________________________________________________________________________________
Name                                    Type                Initial Value       Size           Offset         Nested
                                                                                                    
l                                       int                 0                   4              0              NULL
t0                                      int                 0                   4              4              NULL
main                                    int                 -                   4              8              main
----------------------------------------------------------------------------------------------------------------------------------

__________________________________________________________________________________________________________________________________
Table Name: main                                                  Parent Name: Global
__________________________________________________________________________________________________________________________________
Name                                    Type                Initial Value       Size           Offset         Nested
                                                                                                    
return                                  int                 -                   4              0              NULL
i                                       int                 -                   4              4              NULL
j                                       int                 -                   4              8              NULL
n                                       int                 -                   4              12             NULL
sum                                     int                 0                   4              16             NULL
t0                                      int                 0                   4              20             NULL
x                                       char                'x'                 1              24             NULL
t1                                      char                'x'                 1              25             NULL
p                                       arr(5,int)          -                   20             26             NULL
t2                                      int                 5                   4              46             NULL
dp                                      arr(5,arr(5,int))   -                   100            50             NULL
t3                                      int                 5                   4              150            NULL
t4                                      int                 5                   4              154            NULL
t5                                      int                 10                  4              158            NULL
t6                                      int                                     4              162            NULL
t7                                      int                 100                 4              166            NULL
t8                                      int                                     4              170            NULL
t9                                      int                 0                   4              174            NULL
t10                                     int                                     4              178            NULL
main.WHILE$0                            block               -                   4              182            main.WHILE$0
t11                                     int                                     4              186            NULL
t12                                     int                                     4              190            NULL
t13                                     int                                     4              194            NULL
t14                                     int                                     4              198            NULL
main.FOR$1                              block               -                   4              202            main.FOR$1
t15                                     int                 0                   4              206            NULL
----------------------------------------------------------------------------------------------------------------------------------

__________________________________________________________________________________________________________________________________
Table Name: main.WHILE$0                                          Parent Name: main
__________________________________________________________________________________________________________________________________
Name                                    Type                Initial Value       Size           Offset         Nested
                                                                                                    
t0                                      int                 10                  4              0              NULL
t1                                      int                                     4              4              NULL
t2                                      int                                     4              8              NULL
t3                                      int                                     4              12             NULL
t4                                      int                                     4              16             NULL
----------------------------------------------------------------------------------------------------------------------------------

__________________________________________________________________________________________________________________________________
Table Name: main.FOR$1                                            Parent Name: main
__________________________________________________________________________________________________________________________________
Name                                    Type                Initial Value       Size           Offset         Nested
                                                                                                    
t0                                      int                 0                   4              0              NULL
t1                                      int                                     4              4              NULL
t2                                      int                                     4              8              NULL
main.FOR$1.FOR$2                        block               -                   4              12             main.FOR$1.FOR$2
----------------------------------------------------------------------------------------------------------------------------------

__________________________________________________________________________________________________________________________________
Table Name: main.FOR$1.FOR$2                                      Parent Name: main.FOR$1
__________________________________________________________________________________________________________________________________
Name                                    Type                Initial Value       Size           Offset         Nested
                                                                                                    
t0                                      int                 0                   4              0              NULL
t1                                      int                                     4              4              NULL
t2                                      int                                     4              8              NULL
t3                                      int                                     4              12             NULL
t4                                      int                                     4              16             NULL
t5                                      int                                     4              20             NULL
t6                                      int                                     4              24             NULL
t7                                      int                                     4              28             NULL
t8                                      int                                     4              32             NULL
----------------------------------------------------------------------------------------------------------------------------------

