
________________________________________________________________________________________________________________________
THREE ADDRESS CODE (TAC): 
________________________________________________________________________________________________________________________
0:     t0 = 2.3
1:     d = t0
2:     t1 = 10
3:     t2 = 2
4:     t3 = 2
5:     t4 = 4
6:     a = t4

7: fun: 
8:     t0 = 1
9:     m = t0

10: fun.$0: 
11:     t0 = 2
12:     n = t0

13: fun.$0.$1: 
14:     t0 = 3
15:     o = t0

16: fun.$0.$1.$2: 
17:     t0 = 4
18:     p = t0

19: fun.$0.$1.$2.$3: 
20:     t0 = 1
21:     t1 = 2
22:     if t0 < t1 goto 25
23:     goto 27
24:     goto 32
25:     t2 = 1
26:     goto 30
27:     t3 = 2
28:     t4 = t3
29:     goto 32
30:     t4 = t2
31:     goto 32
32:     q = t4

33: main: 
34:     t0 = 120
35:     x = t0
36:     t1 = 17
37:     y = t1
38:     t2 = 'c'
39:     ch = t2
40:     t3 = 'a'
41:     d = t3
42:     t4 = x + y
43:     i = t4
44:     t6 = x - y
45:     j = t6
46:     t8 = x * y
47:     k = t8
48:     t10 = x / y
49:     l = t10
50:     t12 = x % y
51:     m = t12
52:     t14 = x & y
53:     n = t14
54:     t16 = x | y
55:     o = t16
56:     t18 = 2
57:     t19 = i << t18
58:     y = t19
59:     t21 = 1
60:     t22 = i >> t21
61:     x = t22
62:     t24 = 0
63:     return t24
__________________________________________________________________________________________________________________________________
__________________________________________________________________________________________________________________________________
Table Name: Global                                                Parent Name: NULL
__________________________________________________________________________________________________________________________________
Name                                    Type                Initial Value       Size           Offset         Nested
                                                                                                    
d                                       char                'a'                 1              0              NULL
t0                                      float               2.3                 8              1              NULL
s                                       int                 -                   4              9              NULL
w                                       arr(10,int)         -                   40             13             NULL
t1                                      int                 10                  4              53             NULL
z                                       arr(2,arr(2,float)) -                   32             57             NULL
t2                                      int                 2                   4              89             NULL
t3                                      int                 2                   4              93             NULL
a                                       int                 4                   4              97             NULL
t4                                      int                 4                   4              101            NULL
p                                       int                 -                   4              105            NULL
b                                       int                 -                   4              109            NULL
quotient                                void                -                   0              113            quotient
c                                       char                -                   1              113            NULL
fun                                     int                 -                   4              114            fun
main                                    void                -                   0              118            main
----------------------------------------------------------------------------------------------------------------------------------

__________________________________________________________________________________________________________________________________
Table Name: quotient                                              Parent Name: Global
__________________________________________________________________________________________________________________________________
Name                                    Type                Initial Value       Size           Offset         Nested
                                                                                                    
i                                       int                 -                   4              0              NULL
d                                       float               -                   8              4              NULL
----------------------------------------------------------------------------------------------------------------------------------

__________________________________________________________________________________________________________________________________
Table Name: fun                                                   Parent Name: Global
__________________________________________________________________________________________________________________________________
Name                                    Type                Initial Value       Size           Offset         Nested
                                                                                                    
a                                       int                 -                   4              0              NULL
return                                  int                 -                   4              4              NULL
m                                       int                 -                   4              8              NULL
t0                                      int                 1                   4              12             NULL
t1                                      int                                     4              16             NULL
fun.$0                                  block               -                   4              20             fun.$0
----------------------------------------------------------------------------------------------------------------------------------

__________________________________________________________________________________________________________________________________
Table Name: fun.$0                                                Parent Name: fun
__________________________________________________________________________________________________________________________________
Name                                    Type                Initial Value       Size           Offset         Nested
                                                                                                    
n                                       int                 -                   4              0              NULL
t0                                      int                 2                   4              4              NULL
t1                                      int                                     4              8              NULL
fun.$0.$1                               block               -                   4              12             fun.$0.$1
----------------------------------------------------------------------------------------------------------------------------------

__________________________________________________________________________________________________________________________________
Table Name: fun.$0.$1                                             Parent Name: fun.$0
__________________________________________________________________________________________________________________________________
Name                                    Type                Initial Value       Size           Offset         Nested
                                                                                                    
o                                       int                 -                   4              0              NULL
t0                                      int                 3                   4              4              NULL
t1                                      int                                     4              8              NULL
fun.$0.$1.$2                            block               -                   4              12             fun.$0.$1.$2
----------------------------------------------------------------------------------------------------------------------------------

__________________________________________________________________________________________________________________________________
Table Name: fun.$0.$1.$2                                          Parent Name: fun.$0.$1
__________________________________________________________________________________________________________________________________
Name                                    Type                Initial Value       Size           Offset         Nested
                                                                                                    
t0                                      int                 4                   4              0              NULL
t1                                      int                                     4              4              NULL
fun.$0.$1.$2.$3                         block               -                   4              8              fun.$0.$1.$2.$3
----------------------------------------------------------------------------------------------------------------------------------

__________________________________________________________________________________________________________________________________
Table Name: fun.$0.$1.$2.$3                                       Parent Name: fun.$0.$1.$2
__________________________________________________________________________________________________________________________________
Name                                    Type                Initial Value       Size           Offset         Nested
                                                                                                    
q                                       int                 -                   4              0              NULL
t0                                      int                 1                   4              4              NULL
t1                                      int                 2                   4              8              NULL
t2                                      int                 1                   4              12             NULL
t3                                      int                 2                   4              16             NULL
t4                                      int                                     4              20             NULL
t5                                      int                                     4              24             NULL
----------------------------------------------------------------------------------------------------------------------------------

__________________________________________________________________________________________________________________________________
Table Name: main                                                  Parent Name: Global
__________________________________________________________________________________________________________________________________
Name                                    Type                Initial Value       Size           Offset         Nested
                                                                                                    
x                                       int                 120                 4              0              NULL
t0                                      int                 120                 4              4              NULL
y                                       int                 17                  4              8              NULL
t1                                      int                 17                  4              12             NULL
i                                       int                 -                   4              16             NULL
j                                       int                 -                   4              20             NULL
k                                       int                 -                   4              24             NULL
l                                       int                 -                   4              28             NULL
m                                       int                 -                   4              32             NULL
n                                       int                 -                   4              36             NULL
o                                       int                 -                   4              40             NULL
ch                                      char                'c'                 1              44             NULL
t2                                      char                'c'                 1              45             NULL
t3                                      char                'a'                 1              46             NULL
t4                                      int                                     4              47             NULL
t5                                      int                                     4              51             NULL
t6                                      int                                     4              55             NULL
t7                                      int                                     4              59             NULL
t8                                      int                                     4              63             NULL
t9                                      int                                     4              67             NULL
t10                                     int                                     4              71             NULL
t11                                     int                                     4              75             NULL
t12                                     int                                     4              79             NULL
t13                                     int                                     4              83             NULL
t14                                     int                                     4              87             NULL
t15                                     int                                     4              91             NULL
t16                                     int                                     4              95             NULL
t17                                     int                                     4              99             NULL
t18                                     int                 2                   4              103            NULL
t19                                     int                                     4              107            NULL
t20                                     int                                     4              111            NULL
t21                                     int                 1                   4              115            NULL
t22                                     int                                     4              119            NULL
t23                                     int                                     4              123            NULL
t24                                     int                 0                   4              127            NULL
----------------------------------------------------------------------------------------------------------------------------------

